2023-02-11 22:15:51:1551 [34mhttp[39m: [34mGET / 304 - - 6.734 ms[39m
[34m[39m
2023-02-11 22:20:55:2055 [34mhttp[39m: [34mGET / 304 - - 6.349 ms[39m
[34m[39m
2023-02-11 22:21:38:2138 [34mhttp[39m: [34mGET / 304 - - 8.760 ms[39m
[34m[39m
2023-02-11 22:26:24:2624 [34mhttp[39m: [34mGET / 304 - - 8.040 ms[39m
[34m[39m
2023-02-11 22:36:59:3659 [34mhttp[39m: [34mGET / 304 - - 6.828 ms[39m
[34m[39m
2023-02-11 22:37:55:3755 [34mhttp[39m: [34mGET / 304 - - 5.714 ms[39m
[34m[39m
2023-02-11 22:40:33:4033 [34mhttp[39m: [34mGET / 200 64 - 7.478 ms[39m
[34m[39m
2023-02-11 22:40:58:4058 [34mhttp[39m: [34mGET / 200 68 - 6.936 ms[39m
[34m[39m
2023-02-11 22:42:46:4246 [34mhttp[39m: [34mGET / 304 - - 7.811 ms[39m
[34m[39m
2023-02-11 22:43:40:4340 [34mhttp[39m: [34mGET / 200 66 - 6.866 ms[39m
[34m[39m
2023-02-11 22:44:28:4428 [34mhttp[39m: [34mGET / 200 62 - 8.799 ms[39m
[34m[39m
2023-02-11 22:44:59:4459 [34mhttp[39m: [34mGET / 200 76 - 6.774 ms[39m
[34m[39m
2023-02-11 22:46:06:466 [34mhttp[39m: [34mGET / 200 61 - 7.313 ms[39m
[34m[39m
2023-02-11 22:47:18:4718 [34mhttp[39m: [34mGET / 200 77 - 10.217 ms[39m
[34m[39m
2023-02-11 22:57:11:5711 [34mhttp[39m: [34mGET / 200 37 - 7.890 ms[39m
[34m[39m
2023-02-11 22:58:51:5851 [34mhttp[39m: [34mGET / 200 68 - 8.902 ms[39m
[34m[39m
2023-02-11 23:01:49:149 [34mhttp[39m: [34mGET / 200 154 - 6.230 ms[39m
[34m[39m
2023-02-11 23:05:30:530 [34mhttp[39m: [34mGET / 200 266 - 8.237 ms[39m
[34m[39m
2023-02-11 23:06:51:651 [34mhttp[39m: [34mGET / 304 - - 22.278 ms[39m
[34m[39m
2023-02-11 23:22:58:2258 [34mhttp[39m: [34mGET /?page=2&per_page=10 200 266 - 8.335 ms[39m
[34m[39m
2023-02-11 23:25:03:253 [34mhttp[39m: [34mGET /?page=2&per_page=10 304 - - 7.237 ms[39m
[34m[39m
2023-02-11 23:38:07:387 [34mhttp[39m: [34mGET /?page=2&per_page=10 304 - - 6.855 ms[39m
[34m[39m
2023-02-11 23:38:21:3821 [34mhttp[39m: [34mGET /?page=hello&per_page=10 200 266 - 2.162 ms[39m
[34m[39m
2023-02-11 23:40:04:404 [34mhttp[39m: [34mGET /?page=hello&per_page=10 304 - - 7.743 ms[39m
[34m[39m
2023-02-11 23:40:11:4011 [34mhttp[39m: [34mGET /?page=hello&per_page=hello 200 266 - 2.112 ms[39m
[34m[39m
2023-02-11 23:40:24:4024 [34mhttp[39m: [34mGET /?page=2&per_page=5 200 266 - 1.705 ms[39m
[34m[39m
2023-02-11 23:45:29:4529 [34mhttp[39m: [34mGET /?page=2&per_page=5 304 - - 6.230 ms[39m
[34m[39m
2023-02-11 23:46:24:4624 [34mhttp[39m: [34mGET /?page=2&per_page=5 304 - - 8.412 ms[39m
[34m[39m
2023-02-11 23:46:46:4646 [34mhttp[39m: [34mGET /?page=2&per_page=5 304 - - 6.606 ms[39m
[34m[39m
2023-02-11 23:48:59:4859 [34mhttp[39m: [34mGET /?page=2&per_page=5 200 285 - 7.449 ms[39m
[34m[39m
2023-02-11 23:49:43:4943 [34mhttp[39m: [34mGET /?page=2&per_page=5 304 - - 6.660 ms[39m
[34m[39m
2023-02-11 23:49:57:4957 [34mhttp[39m: [34mGET /?page=2&per_page=5 304 - - 6.104 ms[39m
[34m[39m
2023-02-11 23:50:07:507 [34mhttp[39m: [34mGET /?page=2&per_page=5 304 - - 8.469 ms[39m
[34m[39m
2023-02-11 23:50:29:5029 [34mhttp[39m: [34mGET /?page=2&per_page=10 200 285 - 1.870 ms[39m
[34m[39m
2023-02-11 23:50:55:5055 [34mhttp[39m: [34mGET /?page=2&per_page=10 304 - - 6.354 ms[39m
[34m[39m
2023-02-11 23:51:10:5110 [34mhttp[39m: [34mGET /?page=2&per_page=10 304 - - 6.319 ms[39m
[34m[39m
2023-02-11 23:51:17:5117 [34mhttp[39m: [34mGET /?page=2&per_page=10 304 - - 6.435 ms[39m
[34m[39m
2023-02-11 23:51:23:5123 [34mhttp[39m: [34mGET /?page=2&per_page=10 304 - - 7.416 ms[39m
[34m[39m
2023-02-11 23:51:28:5128 [34mhttp[39m: [34mGET /?page=2&per_page=10 304 - - 6.096 ms[39m
[34m[39m
2023-02-11 23:51:54:5154 [34mhttp[39m: [34mGET /?page=2&per_page=10 304 - - 6.033 ms[39m
[34m[39m
2023-02-11 23:52:09:529 [34mhttp[39m: [34mGET /?page=2&per_page=10 304 - - 7.819 ms[39m
[34m[39m
2023-02-12 01:10:13:1013 [34mhttp[39m: [34mGET /?page=2&per_page=10 200 270 - 7.507 ms[39m
[34m[39m
2023-02-12 01:12:58:1258 [34mhttp[39m: [34mGET /?page=2&per_page=10 304 - - 20.283 ms[39m
[34m[39m
2023-02-12 01:13:54:1354 [34mhttp[39m: [34mGET /?page=2&per_page=10 304 - - 6.825 ms[39m
[34m[39m
2023-02-12 01:14:03:143 [34mhttp[39m: [34mGET /?page=2&per_page=10 304 - - 1.129 ms[39m
[34m[39m
2023-02-12 01:15:12:1512 [34mhttp[39m: [34mGET /?page=2&per_page=10 304 - - 6.768 ms[39m
[34m[39m
2023-02-12 01:16:49:1649 [34mhttp[39m: [34mGET /?page=2&per_page=10 404 139 - 6.324 ms[39m
[34m[39m
2023-02-12 01:16:55:1655 [34mhttp[39m: [34mGET /v1?page=2&per_page=10 200 270 - 7.109 ms[39m
[34m[39m
2023-02-12 01:17:12:1712 [34mhttp[39m: [34mGET /v1?page=2&per_page=10 304 - - 6.711 ms[39m
[34m[39m
2023-02-12 01:19:33:1933 [34mhttp[39m: [34mGET /v1?page=2&per_page=10 304 - - 6.332 ms[39m
[34m[39m
2023-02-12 01:36:53:3653 [34mhttp[39m: [34mGET /v1?page=2&per_page=10 200 301 - 8.542 ms[39m
[34m[39m
2023-02-12 01:37:20:3720 [34mhttp[39m: [34mGET /v1?page=2&per_page=5 200 327 - 9.402 ms[39m
[34m[39m
2023-02-12 01:37:31:3731 [34mhttp[39m: [34mGET /v1?page=3&per_page=5 200 299 - 2.117 ms[39m
[34m[39m
2023-02-12 01:38:06:386 [34mhttp[39m: [34mGET /v1?page=3&per_page=5 304 - - 6.775 ms[39m
[34m[39m
2023-02-12 01:38:16:3816 [34mhttp[39m: [34mGET /v1?page=4&per_page=5 200 299 - 2.207 ms[39m
[34m[39m
2023-02-12 01:38:27:3827 [34mhttp[39m: [34mGET /v1?page=1&per_page=5 200 299 - 2.102 ms[39m
[34m[39m
2023-02-12 01:38:35:3835 [34mhttp[39m: [34mGET /v1?page=1&per_page=10 200 301 - 1.612 ms[39m
[34m[39m
2023-02-12 01:55:51:5551 [34mhttp[39m: [34mGET /v1?page=1&per_page=10 304 - - 7.864 ms[39m
[34m[39m
2023-02-12 01:56:46:5646 [34mhttp[39m: [34mGET /v1?page=1&per_page=10 304 - - 6.883 ms[39m
[34m[39m
2023-02-12 01:57:20:5720 [34mhttp[39m: [34mGET /v1?page=1&per_page=10 304 - - 7.835 ms[39m
[34m[39m
2023-02-12 02:39:20:3920 [34mhttp[39m: [34mGET /v1?page=1&per_page=10 200 64 - 10.109 ms[39m
[34m[39m
2023-02-12 02:39:58:3958 [34mhttp[39m: [34mGET /v1?page=1&per_page=10 200 216 - 12.043 ms[39m
[34m[39m
2023-02-12 02:42:02:422 [34mhttp[39m: [34mGET /v1?page=1&per_page=10 200 216 - 11.188 ms[39m
[34m[39m
2023-02-12 03:05:04:54 [34mhttp[39m: [34mGET /v1/sendmail 200 229 - 8493.274 ms[39m
[34m[39m
2023-02-12 03:07:34:734 [34mhttp[39m: [34mGET /v1/sendmail 200 229 - 8759.313 ms[39m
[34m[39m
2023-02-12 03:09:39:939 [34mhttp[39m: [34mGET /v1/sendmail 200 229 - 14000.817 ms[39m
[34m[39m
2023-02-12 03:16:49:1649 [34mhttp[39m: [34mGET /v1/sendmail 200 229 - 6225.701 ms[39m
[34m[39m
2023-02-12 03:18:38:1838 [34mhttp[39m: [34mGET /v1/sendmail 200 229 - 6758.762 ms[39m
[34m[39m
2023-02-12 04:23:28:2328 [34mhttp[39m: [34mGET /v1/data - - - - ms[39m
[34m[39m
2023-02-12 04:45:48:4548 [34mhttp[39m: [34mGET /v1/data 500 143 - 76.792 ms[39m
[34m[39m
2023-02-12 04:48:37:4837 [34mhttp[39m: [34mGET /v1/data 500 238 - 70.447 ms[39m
[34m[39m
2023-02-12 04:49:25:4925 [34mhttp[39m: [34mGET /v1/data 500 238 - 71.739 ms[39m
[34m[39m
2023-02-12 05:03:38:338 [34mhttp[39m: [34mGET /v1/data 500 127 - 74.690 ms[39m
[34m[39m
2023-02-12 05:03:47:347 [34mhttp[39m: [34mGET /v1/data 500 143 - 66.547 ms[39m
[34m[39m
2023-02-12 05:04:45:445 [34mhttp[39m: [34mGET /v1/data 500 140 - 82.149 ms[39m
[34m[39m
2023-02-12 05:18:45:1845 [34mhttp[39m: [34mGET /v1/data 500 143 - 66.359 ms[39m
[34m[39m
2023-02-12 05:18:58:1858 [34mhttp[39m: [34mGET /v1/data 500 143 - 72.154 ms[39m
[34m[39m
2023-02-12 05:21:31:2131 [34mhttp[39m: [34mGET /v1/data 500 143 - 64.186 ms[39m
[34m[39m
2023-02-12 05:23:14:2314 [34mhttp[39m: [34mGET /v1/data 500 143 - 67.385 ms[39m
[34m[39m
2023-02-12 05:23:22:2322 [34mhttp[39m: [34mGET /v1/data 500 143 - 68.857 ms[39m
[34m[39m
2023-02-12 05:58:07:587 [34mhttp[39m: [34mGET /v1/data 500 130 - 66.437 ms[39m
[34m[39m
2023-02-12 05:58:14:5814 [34mhttp[39m: [34mGET /v1/data 500 130 - 6.871 ms[39m
[34m[39m
2023-02-12 05:58:31:5831 [34mhttp[39m: [34mGET /v1/data 500 130 - 65.750 ms[39m
[34m[39m
2023-02-12 05:58:33:5833 [34mhttp[39m: [34mGET /v1/data 500 130 - 5.672 ms[39m
[34m[39m
